<?xml version="1.0" encoding="UTF-8"?>
<!-- Generated by org.testng.reporters.JUnitReportReporter -->
<testsuite hostname="DESKTOP-RGJMVDJ" failures="0" tests="1" name="testCases.FlightStatusAndBooking" time="8.395" errors="0" timestamp="09 Mar 2024 07:06:41 GMT" skipped="0">
  <testcase classname="testCases.FlightStatusAndBooking" name="verifyFlightStatus" time="8.395"/>
</testsuite> <!-- testCases.FlightStatusAndBooking -->
