<?xml version="1.0" encoding="UTF-8"?>
<!-- Generated by org.testng.reporters.JUnitReportReporter -->
<testsuite hostname="DESKTOP-RGJMVDJ" failures="0" tests="1" name="testCases.CheckFlightDestination" time="6.598" errors="0" timestamp="09 Mar 2024 07:06:41 GMT" skipped="0">
  <testcase classname="testCases.CheckFlightDestination" name="verifyDestination" time="6.598"/>
</testsuite> <!-- testCases.CheckFlightDestination -->
