<?xml version="1.0" encoding="UTF-8"?>
<!-- Generated by org.testng.reporters.JUnitReportReporter -->
<testsuite hostname="DESKTOP-RGJMVDJ" failures="0" tests="1" name="condorAirlinescli.AutoCompleteRevise" time="16.257" errors="0" timestamp="12 May 2024 04:54:50 GMT">
  <testcase classname="condorAirlinescli.AutoCompleteRevise" name="autoCompleteTest" time="16.257"/>
</testsuite> <!-- condorAirlinescli.AutoCompleteRevise -->
